[0.038s] Invoking command in '/home/d/Kuka_moveIt2/build/kuka_resources': CMAKE_PREFIX_PATH=${CMAKE_PREFIX_PATH}:/home/d/ws_moveit2/install/moveit_configs_utils:/home/d/ws_moveit2/install/launch_param_builder:/home/d/kuka_kr6_waam_ws/install/waam_transpiler:/home/d/kuka_kr6_waam_ws/install/waam_motion_planner:/opt/ros/humble /usr/bin/cmake /home/d/Kuka_moveIt2/kuka_resources -DAMENT_CMAKE_SYMLINK_INSTALL=1 -DCMAKE_INSTALL_PREFIX=/home/d/Kuka_moveIt2/install/kuka_resources
[0.143s] -- The C compiler identification is GNU 11.4.0
[0.241s] -- The CXX compiler identification is GNU 11.4.0
[0.254s] -- Detecting C compiler ABI info
[0.381s] -- Detecting C compiler ABI info - done
[0.392s] -- Check for working C compiler: /usr/bin/cc - skipped
[0.392s] -- Detecting C compile features
[0.393s] -- Detecting C compile features - done
[0.396s] -- Detecting CXX compiler ABI info
[0.542s] -- Detecting CXX compiler ABI info - done
[0.550s] -- Check for working CXX compiler: /usr/bin/g++-11 - skipped
[0.550s] -- Detecting CXX compile features
[0.551s] -- Detecting CXX compile features - done
[0.561s] -- Found ament_cmake: 1.3.12 (/opt/ros/humble/share/ament_cmake/cmake)
[0.860s] -- Found Python3: /usr/bin/python3 (found version "3.10.12") found components: Interpreter 
[0.976s] -- Override CMake install command with custom implementation using symlinks instead of copying resources
[1.198s] -- Found urdf: 2.6.1 (/opt/ros/humble/share/urdf/cmake)
[1.486s] -- Configuring done
[1.490s] -- Generating done
[1.493s] -- Build files have been written to: /home/d/Kuka_moveIt2/build/kuka_resources
[1.503s] Invoked command in '/home/d/Kuka_moveIt2/build/kuka_resources' returned '0': CMAKE_PREFIX_PATH=${CMAKE_PREFIX_PATH}:/home/d/ws_moveit2/install/moveit_configs_utils:/home/d/ws_moveit2/install/launch_param_builder:/home/d/kuka_kr6_waam_ws/install/waam_transpiler:/home/d/kuka_kr6_waam_ws/install/waam_motion_planner:/opt/ros/humble /usr/bin/cmake /home/d/Kuka_moveIt2/kuka_resources -DAMENT_CMAKE_SYMLINK_INSTALL=1 -DCMAKE_INSTALL_PREFIX=/home/d/Kuka_moveIt2/install/kuka_resources
[1.506s] Invoking command in '/home/d/Kuka_moveIt2/build/kuka_resources': CMAKE_PREFIX_PATH=${CMAKE_PREFIX_PATH}:/home/d/ws_moveit2/install/moveit_configs_utils:/home/d/ws_moveit2/install/launch_param_builder:/home/d/kuka_kr6_waam_ws/install/waam_transpiler:/home/d/kuka_kr6_waam_ws/install/waam_motion_planner:/opt/ros/humble /usr/bin/cmake --build /home/d/Kuka_moveIt2/build/kuka_resources -- -j4 -l4
[1.590s] Invoked command in '/home/d/Kuka_moveIt2/build/kuka_resources' returned '0': CMAKE_PREFIX_PATH=${CMAKE_PREFIX_PATH}:/home/d/ws_moveit2/install/moveit_configs_utils:/home/d/ws_moveit2/install/launch_param_builder:/home/d/kuka_kr6_waam_ws/install/waam_transpiler:/home/d/kuka_kr6_waam_ws/install/waam_motion_planner:/opt/ros/humble /usr/bin/cmake --build /home/d/Kuka_moveIt2/build/kuka_resources -- -j4 -l4
[1.610s] Invoking command in '/home/d/Kuka_moveIt2/build/kuka_resources': CMAKE_PREFIX_PATH=${CMAKE_PREFIX_PATH}:/home/d/ws_moveit2/install/moveit_configs_utils:/home/d/ws_moveit2/install/launch_param_builder:/home/d/kuka_kr6_waam_ws/install/waam_transpiler:/home/d/kuka_kr6_waam_ws/install/waam_motion_planner:/opt/ros/humble /usr/bin/cmake --install /home/d/Kuka_moveIt2/build/kuka_resources
[1.627s] -- Install configuration: ""
[1.627s] -- Execute custom install script
[1.629s] -- Symlinking: /home/d/Kuka_moveIt2/install/kuka_resources/share/kuka_resources/urdf/common_colours.xacro
[1.648s] -- Symlinking: /home/d/Kuka_moveIt2/install/kuka_resources/share/kuka_resources/urdf/common_constants.xacro
[1.667s] -- Symlinking: /home/d/Kuka_moveIt2/install/kuka_resources/share/kuka_resources/urdf/common_materials.xacro
[1.685s] -- Symlinking: /home/d/Kuka_moveIt2/install/kuka_resources/share/kuka_resources/config/fake_hardware_config_6_axis.yaml
[1.705s] -- Symlinking: /home/d/Kuka_moveIt2/install/kuka_resources/share/kuka_resources/config/fake_hardware_config_7_axis.yaml
[1.726s] -- Symlinking: /home/d/Kuka_moveIt2/install/kuka_resources/share/kuka_resources/config/planning_6_axis.rviz
[1.744s] -- Symlinking: /home/d/Kuka_moveIt2/install/kuka_resources/share/kuka_resources/config/planning_7_axis.rviz
[1.757s] -- Symlinking: /home/d/Kuka_moveIt2/install/kuka_resources/share/kuka_resources/config/view_6_axis_planning_scene.rviz
[1.769s] -- Symlinking: /home/d/Kuka_moveIt2/install/kuka_resources/share/kuka_resources/config/view_6_axis_urdf.rviz
[1.782s] -- Symlinking: /home/d/Kuka_moveIt2/install/kuka_resources/share/kuka_resources/config/view_7_axis_planning_scene.rviz
[1.794s] -- Symlinking: /home/d/Kuka_moveIt2/install/kuka_resources/share/kuka_resources/config/view_7_axis_urdf.rviz
[1.811s] -- Symlinking: /home/d/Kuka_moveIt2/install/kuka_resources/share/kuka_resources/launch/fake_hardware_planning_template.launch.py
[1.830s] -- Symlinking: /home/d/Kuka_moveIt2/install/kuka_resources/share/ament_index/resource_index/package_run_dependencies/kuka_resources
[1.849s] -- Symlinking: /home/d/Kuka_moveIt2/install/kuka_resources/share/ament_index/resource_index/parent_prefix_path/kuka_resources
[1.864s] -- Symlinking: /home/d/Kuka_moveIt2/install/kuka_resources/share/kuka_resources/environment/ament_prefix_path.sh
[1.877s] -- Symlinking: /home/d/Kuka_moveIt2/install/kuka_resources/share/kuka_resources/environment/ament_prefix_path.dsv
[1.890s] -- Symlinking: /home/d/Kuka_moveIt2/install/kuka_resources/share/kuka_resources/environment/path.sh
[1.904s] -- Symlinking: /home/d/Kuka_moveIt2/install/kuka_resources/share/kuka_resources/environment/path.dsv
[1.917s] -- Symlinking: /home/d/Kuka_moveIt2/install/kuka_resources/share/kuka_resources/local_setup.bash
[1.932s] -- Symlinking: /home/d/Kuka_moveIt2/install/kuka_resources/share/kuka_resources/local_setup.sh
[1.949s] -- Symlinking: /home/d/Kuka_moveIt2/install/kuka_resources/share/kuka_resources/local_setup.zsh
[1.965s] -- Symlinking: /home/d/Kuka_moveIt2/install/kuka_resources/share/kuka_resources/local_setup.dsv
[1.983s] -- Symlinking: /home/d/Kuka_moveIt2/install/kuka_resources/share/kuka_resources/package.dsv
[1.999s] -- Symlinking: /home/d/Kuka_moveIt2/install/kuka_resources/share/ament_index/resource_index/packages/kuka_resources
[2.015s] -- Symlinking: /home/d/Kuka_moveIt2/install/kuka_resources/share/kuka_resources/cmake/kuka_resourcesConfig.cmake
[2.029s] -- Symlinking: /home/d/Kuka_moveIt2/install/kuka_resources/share/kuka_resources/cmake/kuka_resourcesConfig-version.cmake
[2.043s] -- Symlinking: /home/d/Kuka_moveIt2/install/kuka_resources/share/kuka_resources/package.xml
[2.060s] Invoked command in '/home/d/Kuka_moveIt2/build/kuka_resources' returned '0': CMAKE_PREFIX_PATH=${CMAKE_PREFIX_PATH}:/home/d/ws_moveit2/install/moveit_configs_utils:/home/d/ws_moveit2/install/launch_param_builder:/home/d/kuka_kr6_waam_ws/install/waam_transpiler:/home/d/kuka_kr6_waam_ws/install/waam_motion_planner:/opt/ros/humble /usr/bin/cmake --install /home/d/Kuka_moveIt2/build/kuka_resources
