-- The C compiler identification is GNU 11.4.0
-- The CXX compiler identification is GNU 11.4.0
-- Detecting C compiler ABI info
-- Detecting C compiler ABI info - done
-- Check for working C compiler: /usr/bin/cc - skipped
-- Detecting C compile features
-- Detecting C compile features - done
-- Detecting CXX compiler ABI info
-- Detecting CXX compiler ABI info - done
-- Check for working CXX compiler: /usr/bin/g++-11 - skipped
-- Detecting CXX compile features
-- Detecting CXX compile features - done
-- Found ament_cmake: 1.3.12 (/opt/ros/humble/share/ament_cmake/cmake)
-- Found Python3: /usr/bin/python3 (found version "3.10.12") found components: Interpreter 
-- Override CMake install command with custom implementation using symlinks instead of copying resources
-- Found urdf: 2.6.1 (/opt/ros/humble/share/urdf/cmake)
-- Found xacro: 2.1.1 (/opt/ros/humble/share/xacro/cmake)
-- xacro: determining deps for: srdf/lbr_iisy3_r760_arm.srdf.xacro ...
-- xacro: determining deps for: srdf/lbr_iisy11_r1300_arm.srdf.xacro ...
-- xacro: determining deps for: srdf/lbr_iisy15_r930_arm.srdf.xacro ...
-- Configuring done
-- Generating done
-- Build files have been written to: /home/d/Kuka_moveIt2/build/kuka_lbr_iisy_moveit_config
[ 33%] [34m[1mxacro: generating lbr_iisy3_r760.srdf from srdf/lbr_iisy3_r760_arm.srdf.xacro[0m
[ 66%] [34m[1mxacro: generating lbr_iisy11_r1300.srdf from srdf/lbr_iisy11_r1300_arm.srdf.xacro[0m
[100%] [34m[1mxacro: generating lbr_iisy15_r930.srdf from srdf/lbr_iisy15_r930_arm.srdf.xacro[0m
[100%] Built target kuka_lbr_iisy_moveit_config_iisy15
[100%] Built target kuka_lbr_iisy_moveit_config_iisy3
[100%] Built target kuka_lbr_iisy_moveit_config_iisy11
-- Install configuration: ""
-- Execute custom install script
-- Symlinking: /home/d/Kuka_moveIt2/install/kuka_lbr_iisy_moveit_config/share/kuka_lbr_iisy_moveit_config/urdf/lbr_iisy3_r760.srdf
-- Symlinking: /home/d/Kuka_moveIt2/install/kuka_lbr_iisy_moveit_config/share/kuka_lbr_iisy_moveit_config/urdf/lbr_iisy11_r1300.srdf
-- Symlinking: /home/d/Kuka_moveIt2/install/kuka_lbr_iisy_moveit_config/share/kuka_lbr_iisy_moveit_config/urdf/lbr_iisy15_r930.srdf
-- Symlinking: /home/d/Kuka_moveIt2/install/kuka_lbr_iisy_moveit_config/share/kuka_lbr_iisy_moveit_config/config/chomp_planning.yaml
-- Symlinking: /home/d/Kuka_moveIt2/install/kuka_lbr_iisy_moveit_config/share/kuka_lbr_iisy_moveit_config/config/kinematics.yaml
-- Symlinking: /home/d/Kuka_moveIt2/install/kuka_lbr_iisy_moveit_config/share/kuka_lbr_iisy_moveit_config/config/moveit_controllers.yaml
-- Symlinking: /home/d/Kuka_moveIt2/install/kuka_lbr_iisy_moveit_config/share/kuka_lbr_iisy_moveit_config/config/ompl_planning.yaml
-- Symlinking: /home/d/Kuka_moveIt2/install/kuka_lbr_iisy_moveit_config/share/kuka_lbr_iisy_moveit_config/config/pilz_cartesian_limits.yaml
-- Symlinking: /home/d/Kuka_moveIt2/install/kuka_lbr_iisy_moveit_config/share/kuka_lbr_iisy_moveit_config/config/stomp_planning.yaml
-- Symlinking: /home/d/Kuka_moveIt2/install/kuka_lbr_iisy_moveit_config/share/kuka_lbr_iisy_moveit_config/launch/moveit_planning_fake_hardware.launch.py
-- Symlinking: /home/d/Kuka_moveIt2/install/kuka_lbr_iisy_moveit_config/share/kuka_lbr_iisy_moveit_config/launch/moveit_planning_gazebo.launch.py
-- Symlinking: /home/d/Kuka_moveIt2/install/kuka_lbr_iisy_moveit_config/share/ament_index/resource_index/package_run_dependencies/kuka_lbr_iisy_moveit_config
-- Symlinking: /home/d/Kuka_moveIt2/install/kuka_lbr_iisy_moveit_config/share/ament_index/resource_index/parent_prefix_path/kuka_lbr_iisy_moveit_config
-- Symlinking: /home/d/Kuka_moveIt2/install/kuka_lbr_iisy_moveit_config/share/kuka_lbr_iisy_moveit_config/environment/ament_prefix_path.sh
-- Symlinking: /home/d/Kuka_moveIt2/install/kuka_lbr_iisy_moveit_config/share/kuka_lbr_iisy_moveit_config/environment/ament_prefix_path.dsv
-- Symlinking: /home/d/Kuka_moveIt2/install/kuka_lbr_iisy_moveit_config/share/kuka_lbr_iisy_moveit_config/environment/path.sh
-- Symlinking: /home/d/Kuka_moveIt2/install/kuka_lbr_iisy_moveit_config/share/kuka_lbr_iisy_moveit_config/environment/path.dsv
-- Symlinking: /home/d/Kuka_moveIt2/install/kuka_lbr_iisy_moveit_config/share/kuka_lbr_iisy_moveit_config/local_setup.bash
-- Symlinking: /home/d/Kuka_moveIt2/install/kuka_lbr_iisy_moveit_config/share/kuka_lbr_iisy_moveit_config/local_setup.sh
-- Symlinking: /home/d/Kuka_moveIt2/install/kuka_lbr_iisy_moveit_config/share/kuka_lbr_iisy_moveit_config/local_setup.zsh
-- Symlinking: /home/d/Kuka_moveIt2/install/kuka_lbr_iisy_moveit_config/share/kuka_lbr_iisy_moveit_config/local_setup.dsv
-- Symlinking: /home/d/Kuka_moveIt2/install/kuka_lbr_iisy_moveit_config/share/kuka_lbr_iisy_moveit_config/package.dsv
-- Symlinking: /home/d/Kuka_moveIt2/install/kuka_lbr_iisy_moveit_config/share/ament_index/resource_index/packages/kuka_lbr_iisy_moveit_config
-- Symlinking: /home/d/Kuka_moveIt2/install/kuka_lbr_iisy_moveit_config/share/kuka_lbr_iisy_moveit_config/cmake/kuka_lbr_iisy_moveit_configConfig.cmake
-- Symlinking: /home/d/Kuka_moveIt2/install/kuka_lbr_iisy_moveit_config/share/kuka_lbr_iisy_moveit_config/cmake/kuka_lbr_iisy_moveit_configConfig-version.cmake
-- Symlinking: /home/d/Kuka_moveIt2/install/kuka_lbr_iisy_moveit_config/share/kuka_lbr_iisy_moveit_config/package.xml
