-- The C compiler identification is GNU 11.4.0
-- The CXX compiler identification is GNU 11.4.0
-- Detecting C compiler ABI info
-- Detecting C compiler ABI info - done
-- Check for working C compiler: /usr/bin/cc - skipped
-- Detecting C compile features
-- Detecting C compile features - done
-- Detecting CXX compiler ABI info
-- Detecting CXX compiler ABI info - done
-- Check for working CXX compiler: /usr/bin/g++-11 - skipped
-- Detecting CXX compile features
-- Detecting CXX compile features - done
-- Found ament_cmake: 1.3.12 (/opt/ros/humble/share/ament_cmake/cmake)
-- Found Python3: /usr/bin/python3 (found version "3.10.12") found components: Interpreter 
-- Override CMake install command with custom implementation using symlinks instead of copying resources
-- Found rclcpp: 16.0.15 (/opt/ros/humble/share/rclcpp/cmake)
-- Found rosidl_generator_c: 3.1.7 (/opt/ros/humble/share/rosidl_generator_c/cmake)
-- Found rosidl_adapter: 3.1.7 (/opt/ros/humble/share/rosidl_adapter/cmake)
-- Found rosidl_generator_cpp: 3.1.7 (/opt/ros/humble/share/rosidl_generator_cpp/cmake)
-- Using all available rosidl_typesupport_c: rosidl_typesupport_fastrtps_c;rosidl_typesupport_introspection_c
-- Using all available rosidl_typesupport_cpp: rosidl_typesupport_fastrtps_cpp;rosidl_typesupport_introspection_cpp
-- Found rmw_implementation_cmake: 6.1.2 (/opt/ros/humble/share/rmw_implementation_cmake/cmake)
-- Found rmw_cyclonedds_cpp: 1.3.4 (/opt/ros/humble/share/rmw_cyclonedds_cpp/cmake)
-- Using RMW implementation 'rmw_cyclonedds_cpp' as default
-- Looking for pthread.h
-- Looking for pthread.h - found
-- Performing Test CMAKE_HAVE_LIBC_PTHREAD
-- Performing Test CMAKE_HAVE_LIBC_PTHREAD - Success
-- Found Threads: TRUE  
-- Found hardware_interface: 2.52.0 (/opt/ros/humble/share/hardware_interface/cmake)
-- Configuring done
-- Generating done
-- Build files have been written to: /home/d/Kuka_moveIt2/build/kuka_mock_hardware_interface
[ 50%] [32mBuilding CXX object CMakeFiles/kuka_mock_hardware_interface.dir/src/hardware_interface.cpp.o[0m
[100%] [32m[1mLinking CXX shared library libkuka_mock_hardware_interface.so[0m
[100%] Built target kuka_mock_hardware_interface
-- Install configuration: ""
-- Execute custom install script
-- Symlinking: /home/d/Kuka_moveIt2/install/kuka_mock_hardware_interface/share/kuka_mock_hardware_interface//hardware_interface.xml
-- Symlinking: /home/d/Kuka_moveIt2/install/kuka_mock_hardware_interface/lib/kuka_mock_hardware_interface/libkuka_mock_hardware_interface.so
-- Symlinking: /home/d/Kuka_moveIt2/install/kuka_mock_hardware_interface/share/ament_index/resource_index/package_run_dependencies/kuka_mock_hardware_interface
-- Symlinking: /home/d/Kuka_moveIt2/install/kuka_mock_hardware_interface/share/ament_index/resource_index/parent_prefix_path/kuka_mock_hardware_interface
-- Symlinking: /home/d/Kuka_moveIt2/install/kuka_mock_hardware_interface/share/kuka_mock_hardware_interface/environment/ament_prefix_path.sh
-- Symlinking: /home/d/Kuka_moveIt2/install/kuka_mock_hardware_interface/share/kuka_mock_hardware_interface/environment/ament_prefix_path.dsv
-- Symlinking: /home/d/Kuka_moveIt2/install/kuka_mock_hardware_interface/share/kuka_mock_hardware_interface/environment/path.sh
-- Symlinking: /home/d/Kuka_moveIt2/install/kuka_mock_hardware_interface/share/kuka_mock_hardware_interface/environment/path.dsv
-- Symlinking: /home/d/Kuka_moveIt2/install/kuka_mock_hardware_interface/share/kuka_mock_hardware_interface/local_setup.bash
-- Symlinking: /home/d/Kuka_moveIt2/install/kuka_mock_hardware_interface/share/kuka_mock_hardware_interface/local_setup.sh
-- Symlinking: /home/d/Kuka_moveIt2/install/kuka_mock_hardware_interface/share/kuka_mock_hardware_interface/local_setup.zsh
-- Symlinking: /home/d/Kuka_moveIt2/install/kuka_mock_hardware_interface/share/kuka_mock_hardware_interface/local_setup.dsv
-- Symlinking: /home/d/Kuka_moveIt2/install/kuka_mock_hardware_interface/share/kuka_mock_hardware_interface/package.dsv
-- Symlinking: /home/d/Kuka_moveIt2/install/kuka_mock_hardware_interface/share/ament_index/resource_index/packages/kuka_mock_hardware_interface
-- Symlinking: /home/d/Kuka_moveIt2/install/kuka_mock_hardware_interface/share/ament_index/resource_index/hardware_interface__pluginlib__plugin/kuka_mock_hardware_interface
-- Symlinking: /home/d/Kuka_moveIt2/install/kuka_mock_hardware_interface/share/kuka_mock_hardware_interface/cmake/kuka_mock_hardware_interfaceConfig.cmake
-- Symlinking: /home/d/Kuka_moveIt2/install/kuka_mock_hardware_interface/share/kuka_mock_hardware_interface/cmake/kuka_mock_hardware_interfaceConfig-version.cmake
-- Symlinking: /home/d/Kuka_moveIt2/install/kuka_mock_hardware_interface/share/kuka_mock_hardware_interface/package.xml
