[0.025s] Invoking command in '/home/d/Kuka_moveIt2/build/kuka_mock_hardware_interface': CMAKE_PREFIX_PATH=${CMAKE_PREFIX_PATH}:/home/d/ws_moveit2/install/moveit_configs_utils:/home/d/ws_moveit2/install/launch_param_builder:/home/d/kuka_kr6_waam_ws/install/waam_transpiler:/home/d/kuka_kr6_waam_ws/install/waam_motion_planner:/opt/ros/humble /usr/bin/cmake /home/d/Kuka_moveIt2/kuka_mock_hardware_interface -DAMENT_CMAKE_SYMLINK_INSTALL=1 -DCMAKE_INSTALL_PREFIX=/home/d/Kuka_moveIt2/install/kuka_mock_hardware_interface
[0.128s] -- The C compiler identification is GNU 11.4.0
[0.217s] -- The CXX compiler identification is GNU 11.4.0
[0.232s] -- Detecting C compiler ABI info
[0.359s] -- Detecting C compiler ABI info - done
[0.375s] -- Check for working C compiler: /usr/bin/cc - skipped
[0.375s] -- Detecting C compile features
[0.376s] -- Detecting C compile features - done
[0.381s] -- Detecting CXX compiler ABI info
[0.500s] -- Detecting CXX compiler ABI info - done
[0.515s] -- Check for working CXX compiler: /usr/bin/g++-11 - skipped
[0.516s] -- Detecting CXX compile features
[0.517s] -- Detecting CXX compile features - done
[0.534s] -- Found ament_cmake: 1.3.12 (/opt/ros/humble/share/ament_cmake/cmake)
[0.815s] -- Found Python3: /usr/bin/python3 (found version "3.10.12") found components: Interpreter 
[0.906s] -- Override CMake install command with custom implementation using symlinks instead of copying resources
[1.108s] -- Found rclcpp: 16.0.15 (/opt/ros/humble/share/rclcpp/cmake)
[1.255s] -- Found rosidl_generator_c: 3.1.7 (/opt/ros/humble/share/rosidl_generator_c/cmake)
[1.285s] -- Found rosidl_adapter: 3.1.7 (/opt/ros/humble/share/rosidl_adapter/cmake)
[1.321s] -- Found rosidl_generator_cpp: 3.1.7 (/opt/ros/humble/share/rosidl_generator_cpp/cmake)
[1.358s] -- Using all available rosidl_typesupport_c: rosidl_typesupport_fastrtps_c;rosidl_typesupport_introspection_c
[1.413s] -- Using all available rosidl_typesupport_cpp: rosidl_typesupport_fastrtps_cpp;rosidl_typesupport_introspection_cpp
[1.603s] -- Found rmw_implementation_cmake: 6.1.2 (/opt/ros/humble/share/rmw_implementation_cmake/cmake)
[1.626s] -- Found rmw_cyclonedds_cpp: 1.3.4 (/opt/ros/humble/share/rmw_cyclonedds_cpp/cmake)
[1.718s] -- Using RMW implementation 'rmw_cyclonedds_cpp' as default
[1.766s] -- Looking for pthread.h
[1.903s] -- Looking for pthread.h - found
[1.904s] -- Performing Test CMAKE_HAVE_LIBC_PTHREAD
[2.041s] -- Performing Test CMAKE_HAVE_LIBC_PTHREAD - Success
[2.041s] -- Found Threads: TRUE  
[2.193s] -- Found hardware_interface: 2.52.0 (/opt/ros/humble/share/hardware_interface/cmake)
[2.853s] -- Configuring done
[2.874s] -- Generating done
[2.882s] -- Build files have been written to: /home/d/Kuka_moveIt2/build/kuka_mock_hardware_interface
[2.902s] Invoked command in '/home/d/Kuka_moveIt2/build/kuka_mock_hardware_interface' returned '0': CMAKE_PREFIX_PATH=${CMAKE_PREFIX_PATH}:/home/d/ws_moveit2/install/moveit_configs_utils:/home/d/ws_moveit2/install/launch_param_builder:/home/d/kuka_kr6_waam_ws/install/waam_transpiler:/home/d/kuka_kr6_waam_ws/install/waam_motion_planner:/opt/ros/humble /usr/bin/cmake /home/d/Kuka_moveIt2/kuka_mock_hardware_interface -DAMENT_CMAKE_SYMLINK_INSTALL=1 -DCMAKE_INSTALL_PREFIX=/home/d/Kuka_moveIt2/install/kuka_mock_hardware_interface
[2.903s] Invoking command in '/home/d/Kuka_moveIt2/build/kuka_mock_hardware_interface': CMAKE_PREFIX_PATH=${CMAKE_PREFIX_PATH}:/home/d/ws_moveit2/install/moveit_configs_utils:/home/d/ws_moveit2/install/launch_param_builder:/home/d/kuka_kr6_waam_ws/install/waam_transpiler:/home/d/kuka_kr6_waam_ws/install/waam_motion_planner:/opt/ros/humble /usr/bin/cmake --build /home/d/Kuka_moveIt2/build/kuka_mock_hardware_interface -- -j4 -l4
[3.019s] [ 50%] [32mBuilding CXX object CMakeFiles/kuka_mock_hardware_interface.dir/src/hardware_interface.cpp.o[0m
[6.767s] [100%] [32m[1mLinking CXX shared library libkuka_mock_hardware_interface.so[0m
[7.259s] [100%] Built target kuka_mock_hardware_interface
[7.277s] Invoked command in '/home/d/Kuka_moveIt2/build/kuka_mock_hardware_interface' returned '0': CMAKE_PREFIX_PATH=${CMAKE_PREFIX_PATH}:/home/d/ws_moveit2/install/moveit_configs_utils:/home/d/ws_moveit2/install/launch_param_builder:/home/d/kuka_kr6_waam_ws/install/waam_transpiler:/home/d/kuka_kr6_waam_ws/install/waam_motion_planner:/opt/ros/humble /usr/bin/cmake --build /home/d/Kuka_moveIt2/build/kuka_mock_hardware_interface -- -j4 -l4
[7.279s] Invoking command in '/home/d/Kuka_moveIt2/build/kuka_mock_hardware_interface': CMAKE_PREFIX_PATH=${CMAKE_PREFIX_PATH}:/home/d/ws_moveit2/install/moveit_configs_utils:/home/d/ws_moveit2/install/launch_param_builder:/home/d/kuka_kr6_waam_ws/install/waam_transpiler:/home/d/kuka_kr6_waam_ws/install/waam_motion_planner:/opt/ros/humble /usr/bin/cmake --install /home/d/Kuka_moveIt2/build/kuka_mock_hardware_interface
[7.290s] -- Install configuration: ""
[7.290s] -- Execute custom install script
[7.291s] -- Symlinking: /home/d/Kuka_moveIt2/install/kuka_mock_hardware_interface/share/kuka_mock_hardware_interface//hardware_interface.xml
[7.304s] -- Symlinking: /home/d/Kuka_moveIt2/install/kuka_mock_hardware_interface/lib/kuka_mock_hardware_interface/libkuka_mock_hardware_interface.so
[7.317s] -- Symlinking: /home/d/Kuka_moveIt2/install/kuka_mock_hardware_interface/share/ament_index/resource_index/package_run_dependencies/kuka_mock_hardware_interface
[7.331s] -- Symlinking: /home/d/Kuka_moveIt2/install/kuka_mock_hardware_interface/share/ament_index/resource_index/parent_prefix_path/kuka_mock_hardware_interface
[7.350s] -- Symlinking: /home/d/Kuka_moveIt2/install/kuka_mock_hardware_interface/share/kuka_mock_hardware_interface/environment/ament_prefix_path.sh
[7.372s] -- Symlinking: /home/d/Kuka_moveIt2/install/kuka_mock_hardware_interface/share/kuka_mock_hardware_interface/environment/ament_prefix_path.dsv
[7.389s] -- Symlinking: /home/d/Kuka_moveIt2/install/kuka_mock_hardware_interface/share/kuka_mock_hardware_interface/environment/path.sh
[7.409s] -- Symlinking: /home/d/Kuka_moveIt2/install/kuka_mock_hardware_interface/share/kuka_mock_hardware_interface/environment/path.dsv
[7.423s] -- Symlinking: /home/d/Kuka_moveIt2/install/kuka_mock_hardware_interface/share/kuka_mock_hardware_interface/local_setup.bash
[7.437s] -- Symlinking: /home/d/Kuka_moveIt2/install/kuka_mock_hardware_interface/share/kuka_mock_hardware_interface/local_setup.sh
[7.450s] -- Symlinking: /home/d/Kuka_moveIt2/install/kuka_mock_hardware_interface/share/kuka_mock_hardware_interface/local_setup.zsh
[7.470s] -- Symlinking: /home/d/Kuka_moveIt2/install/kuka_mock_hardware_interface/share/kuka_mock_hardware_interface/local_setup.dsv
[7.493s] -- Symlinking: /home/d/Kuka_moveIt2/install/kuka_mock_hardware_interface/share/kuka_mock_hardware_interface/package.dsv
[7.506s] -- Symlinking: /home/d/Kuka_moveIt2/install/kuka_mock_hardware_interface/share/ament_index/resource_index/packages/kuka_mock_hardware_interface
[7.526s] -- Symlinking: /home/d/Kuka_moveIt2/install/kuka_mock_hardware_interface/share/ament_index/resource_index/hardware_interface__pluginlib__plugin/kuka_mock_hardware_interface
[7.546s] -- Symlinking: /home/d/Kuka_moveIt2/install/kuka_mock_hardware_interface/share/kuka_mock_hardware_interface/cmake/kuka_mock_hardware_interfaceConfig.cmake
[7.571s] -- Symlinking: /home/d/Kuka_moveIt2/install/kuka_mock_hardware_interface/share/kuka_mock_hardware_interface/cmake/kuka_mock_hardware_interfaceConfig-version.cmake
[7.593s] -- Symlinking: /home/d/Kuka_moveIt2/install/kuka_mock_hardware_interface/share/kuka_mock_hardware_interface/package.xml
[7.618s] Invoked command in '/home/d/Kuka_moveIt2/build/kuka_mock_hardware_interface' returned '0': CMAKE_PREFIX_PATH=${CMAKE_PREFIX_PATH}:/home/d/ws_moveit2/install/moveit_configs_utils:/home/d/ws_moveit2/install/launch_param_builder:/home/d/kuka_kr6_waam_ws/install/waam_transpiler:/home/d/kuka_kr6_waam_ws/install/waam_motion_planner:/opt/ros/humble /usr/bin/cmake --install /home/d/Kuka_moveIt2/build/kuka_mock_hardware_interface
