-- The C compiler identification is GNU 11.4.0
-- The CXX compiler identification is GNU 11.4.0
-- Detecting C compiler ABI info
-- Detecting C compiler ABI info - done
-- Check for working C compiler: /usr/bin/cc - skipped
-- Detecting C compile features
-- Detecting C compile features - done
-- Detecting CXX compiler ABI info
-- Detecting CXX compiler ABI info - done
-- Check for working CXX compiler: /usr/bin/g++-11 - skipped
-- Detecting CXX compile features
-- Detecting CXX compile features - done
-- Found ament_cmake: 1.3.12 (/opt/ros/humble/share/ament_cmake/cmake)
-- Found Python3: /usr/bin/python3 (found version "3.10.12") found components: Interpreter 
-- Override CMake install command with custom implementation using symlinks instead of copying resources
-- Found moveit_ros_planning_interface: 2.5.9 (/home/d/ws_moveit2/install/moveit_ros_planning_interface/share/moveit_ros_planning_interface/cmake)
-- Found Boost: /usr/lib/x86_64-linux-gnu/cmake/Boost-1.74.0/BoostConfig.cmake (found version "1.74.0") found components: date_time filesystem program_options system thread 
-- Found rosidl_generator_c: 3.1.7 (/opt/ros/humble/share/rosidl_generator_c/cmake)
-- Found rosidl_adapter: 3.1.7 (/opt/ros/humble/share/rosidl_adapter/cmake)
-- Found rosidl_generator_cpp: 3.1.7 (/opt/ros/humble/share/rosidl_generator_cpp/cmake)
-- Using all available rosidl_typesupport_c: rosidl_typesupport_fastrtps_c;rosidl_typesupport_introspection_c
-- Using all available rosidl_typesupport_cpp: rosidl_typesupport_fastrtps_cpp;rosidl_typesupport_introspection_cpp
-- Found Boost: /usr/lib/x86_64-linux-gnu/cmake/Boost-1.74.0/BoostConfig.cmake (found version "1.74.0") found components: chrono date_time filesystem iostreams program_options regex serialization system thread 
-- Found parameter_traits: 0.5.0 (/opt/ros/humble/share/parameter_traits/cmake)
-- Found rmw_implementation_cmake: 6.1.2 (/opt/ros/humble/share/rmw_implementation_cmake/cmake)
-- Found rmw_cyclonedds_cpp: 1.3.4 (/opt/ros/humble/share/rmw_cyclonedds_cpp/cmake)
-- Using RMW implementation 'rmw_cyclonedds_cpp' as default
-- Found Threads: TRUE  
-- Found rclcpp_lifecycle: 16.0.15 (/opt/ros/humble/share/rclcpp_lifecycle/cmake)
-- Found Boost: /usr/lib/x86_64-linux-gnu/cmake/Boost-1.74.0/BoostConfig.cmake (found version "1.74.0") found components: filesystem 
-- library: /usr/lib/x86_64-linux-gnu/libcurl.so
-- Found Eigen3: TRUE (found version "3.4.0") 
-- Ensuring Eigen3 include directory is part of orocos-kdl CMake target
-- Found Boost: /usr/lib/x86_64-linux-gnu/cmake/Boost-1.74.0/BoostConfig.cmake (found version "1.74.0") found components: system filesystem date_time program_options thread chrono 
-- Found Boost: /usr/lib/x86_64-linux-gnu/cmake/Boost-1.74.0/BoostConfig.cmake (found version "1.74.0") found components: thread system filesystem regex date_time program_options 
-- Found Boost: /usr/lib/x86_64-linux-gnu/cmake/Boost-1.74.0/BoostConfig.cmake (found version "1.74.0") found components: system filesystem date_time program_options thread 
-- Found moveit_visual_tools: 4.1.2 (/home/d/ws_moveit2/install/moveit_visual_tools/share/moveit_visual_tools/cmake)
-- Setting assimp_DIR to: '/opt/ros/humble/share/rviz_assimp_vendor/cmake/../../../opt/rviz_assimp_vendor/lib/cmake/assimp-4.1'
-- Setting OGRE_DIR to: '/opt/ros/humble/share/rviz_ogre_vendor/cmake/../../../opt/rviz_ogre_vendor/lib/OGRE/cmake'
-- Found OGRE
--   static     : OFF
--   components : HLMS;MeshLodGenerator;Overlay;Paging;Property;RTShaderSystem;Terrain;Volume
--   plugins    : Plugin_BSPSceneManager;Plugin_OctreeSceneManager;Plugin_PCZSceneManager;Plugin_ParticleFX;RenderSystem_GL;RenderSystem_GL3Plus;Codec_STBI
--   media      : /opt/ros/humble/opt/rviz_ogre_vendor/share/OGRE/Media
-- OGRE_LIBRARIES: OgreHLMS;OgreMeshLodGenerator;OgreOverlay;OgrePaging;OgreProperty;OgreRTShaderSystem;OgreTerrain;OgreVolume;OgreMain
-- OGRE_LIBRARY_DIRS: /opt/ros/humble/opt/rviz_ogre_vendor/lib
-- OGRE_PLUGINS: Plugin_BSPSceneManager;Plugin_OctreeSceneManager;Plugin_PCZSceneManager;Plugin_ParticleFX;RenderSystem_GL;RenderSystem_GL3Plus;Codec_STBI
-- OGRE_PLUGIN_DIR: /opt/ros/humble/opt/rviz_ogre_vendor/lib/OGRE
-- rviz_ogre_vendor::OgreOverlay for IMPORTED_LOCATION_RELEASE: /opt/ros/humble/opt/rviz_ogre_vendor/lib/libOgreOverlay.so
-- rviz_ogre_vendor::OgreOverlay for IMPORTED_LOCATION_DEBUG: /opt/ros/humble/opt/rviz_ogre_vendor/lib/libOgreOverlay.so
-- rviz_ogre_vendor::OgreMain for IMPORTED_LOCATION_RELEASE: /opt/ros/humble/opt/rviz_ogre_vendor/lib/libOgreMain.so
-- rviz_ogre_vendor::OgreMain for IMPORTED_LOCATION_DEBUG: /opt/ros/humble/opt/rviz_ogre_vendor/lib/libOgreMain.so
-- Found ZLIB: /usr/lib/x86_64-linux-gnu/libz.so (found version "1.2.11") 
-- Found OpenGL: /usr/lib/x86_64-linux-gnu/libOpenGL.so   
-- Found X11: /usr/include   
-- Looking for XOpenDisplay in /usr/lib/x86_64-linux-gnu/libX11.so;/usr/lib/x86_64-linux-gnu/libXext.so
-- Looking for XOpenDisplay in /usr/lib/x86_64-linux-gnu/libX11.so;/usr/lib/x86_64-linux-gnu/libXext.so - found
-- Looking for gethostbyname
-- Looking for gethostbyname - found
-- Looking for connect
-- Looking for connect - found
-- Looking for remove
-- Looking for remove - found
-- Looking for shmat
-- Looking for shmat - found
-- Looking for IceConnectionNumber in ICE
-- Looking for IceConnectionNumber in ICE - found
-- Configuring done
-- Generating done
-- Build files have been written to: /home/d/Kuka_moveIt2/build/kuka_gazebo
[ 50%] [32mBuilding CXX object CMakeFiles/gazebo_moveit_example.dir/src/gazebo_lbr_iisy3_r760_moveit_example.cpp.o[0m
[100%] [32m[1mLinking CXX executable gazebo_moveit_example[0m
[100%] Built target gazebo_moveit_example
-- Install configuration: ""
-- Execute custom install script
-- Symlinking: /home/d/Kuka_moveIt2/install/kuka_gazebo/share/kuka_gazebo/gazebo/kuka_gazebo.xacro
-- Symlinking: /home/d/Kuka_moveIt2/install/kuka_gazebo/share/kuka_gazebo/launch/gazebo.launch.py
-- Symlinking: /home/d/Kuka_moveIt2/install/kuka_gazebo/share/kuka_gazebo/world/box.sdf
-- Symlinking: /home/d/Kuka_moveIt2/install/kuka_gazebo/share/kuka_gazebo/world/empty_world.sdf
-- Symlinking: /home/d/Kuka_moveIt2/install/kuka_gazebo/share/ament_index/resource_index/package_run_dependencies/kuka_gazebo
-- Symlinking: /home/d/Kuka_moveIt2/install/kuka_gazebo/share/ament_index/resource_index/parent_prefix_path/kuka_gazebo
-- Symlinking: /home/d/Kuka_moveIt2/install/kuka_gazebo/share/kuka_gazebo/environment/ament_prefix_path.sh
-- Symlinking: /home/d/Kuka_moveIt2/install/kuka_gazebo/share/kuka_gazebo/environment/ament_prefix_path.dsv
-- Symlinking: /home/d/Kuka_moveIt2/install/kuka_gazebo/share/kuka_gazebo/environment/path.sh
-- Symlinking: /home/d/Kuka_moveIt2/install/kuka_gazebo/share/kuka_gazebo/environment/path.dsv
-- Symlinking: /home/d/Kuka_moveIt2/install/kuka_gazebo/share/kuka_gazebo/local_setup.bash
-- Symlinking: /home/d/Kuka_moveIt2/install/kuka_gazebo/share/kuka_gazebo/local_setup.sh
-- Symlinking: /home/d/Kuka_moveIt2/install/kuka_gazebo/share/kuka_gazebo/local_setup.zsh
-- Symlinking: /home/d/Kuka_moveIt2/install/kuka_gazebo/share/kuka_gazebo/local_setup.dsv
-- Symlinking: /home/d/Kuka_moveIt2/install/kuka_gazebo/share/kuka_gazebo/package.dsv
-- Symlinking: /home/d/Kuka_moveIt2/install/kuka_gazebo/share/ament_index/resource_index/packages/kuka_gazebo
-- Symlinking: /home/d/Kuka_moveIt2/install/kuka_gazebo/share/kuka_gazebo/cmake/kuka_gazeboConfig.cmake
-- Symlinking: /home/d/Kuka_moveIt2/install/kuka_gazebo/share/kuka_gazebo/cmake/kuka_gazeboConfig-version.cmake
-- Symlinking: /home/d/Kuka_moveIt2/install/kuka_gazebo/share/kuka_gazebo/package.xml
-- Installing: /home/d/Kuka_moveIt2/install/kuka_gazebo/lib/kuka_gazebo/gazebo_moveit_example
-- Set runtime path of "/home/d/Kuka_moveIt2/install/kuka_gazebo/lib/kuka_gazebo/gazebo_moveit_example" to ""
