[0.033s] Invoking command in '/home/d/Kuka_moveIt2/build/kuka_gazebo': CMAKE_PREFIX_PATH=${CMAKE_PREFIX_PATH}:/home/d/ws_moveit2/install/moveit_configs_utils:/home/d/ws_moveit2/install/launch_param_builder:/home/d/kuka_kr6_waam_ws/install/waam_transpiler:/home/d/kuka_kr6_waam_ws/install/waam_motion_planner:/opt/ros/humble /usr/bin/cmake /home/d/Kuka_moveIt2/kuka_gazebo -DAMENT_CMAKE_SYMLINK_INSTALL=1 -DCMAKE_INSTALL_PREFIX=/home/d/Kuka_moveIt2/install/kuka_gazebo
[0.123s] -- The C compiler identification is GNU 11.4.0
[0.202s] -- The CXX compiler identification is GNU 11.4.0
[0.211s] -- Detecting C compiler ABI info
[0.330s] -- Detecting C compiler ABI info - done
[0.341s] -- Check for working C compiler: /usr/bin/cc - skipped
[0.341s] -- Detecting C compile features
[0.342s] -- Detecting C compile features - done
[0.345s] -- Detecting CXX compiler ABI info
[0.479s] -- Detecting CXX compiler ABI info - done
[0.494s] -- Check for working CXX compiler: /usr/bin/g++-11 - skipped
[0.494s] -- Detecting CXX compile features
[0.495s] -- Detecting CXX compile features - done
[0.511s] -- Found ament_cmake: 1.3.12 (/opt/ros/humble/share/ament_cmake/cmake)
[0.777s] -- Found Python3: /usr/bin/python3 (found version "3.10.12") found components: Interpreter 
[0.875s] -- Override CMake install command with custom implementation using symlinks instead of copying resources
[1.038s] -- Found moveit_ros_planning_interface: 2.5.9 (/home/d/ws_moveit2/install/moveit_ros_planning_interface/share/moveit_ros_planning_interface/cmake)
[1.438s] -- Found Boost: /usr/lib/x86_64-linux-gnu/cmake/Boost-1.74.0/BoostConfig.cmake (found version "1.74.0") found components: date_time filesystem program_options system thread 
[1.582s] -- Found rosidl_generator_c: 3.1.7 (/opt/ros/humble/share/rosidl_generator_c/cmake)
[1.604s] -- Found rosidl_adapter: 3.1.7 (/opt/ros/humble/share/rosidl_adapter/cmake)
[1.629s] -- Found rosidl_generator_cpp: 3.1.7 (/opt/ros/humble/share/rosidl_generator_cpp/cmake)
[1.677s] -- Using all available rosidl_typesupport_c: rosidl_typesupport_fastrtps_c;rosidl_typesupport_introspection_c
[1.739s] -- Using all available rosidl_typesupport_cpp: rosidl_typesupport_fastrtps_cpp;rosidl_typesupport_introspection_cpp
[2.282s] -- Found Boost: /usr/lib/x86_64-linux-gnu/cmake/Boost-1.74.0/BoostConfig.cmake (found version "1.74.0") found components: chrono date_time filesystem iostreams program_options regex serialization system thread 
[2.535s] -- Found parameter_traits: 0.5.0 (/opt/ros/humble/share/parameter_traits/cmake)
[2.760s] -- Found rmw_implementation_cmake: 6.1.2 (/opt/ros/humble/share/rmw_implementation_cmake/cmake)
[2.785s] -- Found rmw_cyclonedds_cpp: 1.3.4 (/opt/ros/humble/share/rmw_cyclonedds_cpp/cmake)
[2.907s] -- Using RMW implementation 'rmw_cyclonedds_cpp' as default
[2.960s] -- Found Threads: TRUE  
[3.169s] -- Found rclcpp_lifecycle: 16.0.15 (/opt/ros/humble/share/rclcpp_lifecycle/cmake)
[3.257s] -- Found Boost: /usr/lib/x86_64-linux-gnu/cmake/Boost-1.74.0/BoostConfig.cmake (found version "1.74.0") found components: filesystem 
[3.551s] -- library: /usr/lib/x86_64-linux-gnu/libcurl.so
[3.663s] -- Found Eigen3: TRUE (found version "3.4.0") 
[3.663s] -- Ensuring Eigen3 include directory is part of orocos-kdl CMake target
[4.179s] -- Found Boost: /usr/lib/x86_64-linux-gnu/cmake/Boost-1.74.0/BoostConfig.cmake (found version "1.74.0") found components: system filesystem date_time program_options thread chrono 
[4.253s] -- Found Boost: /usr/lib/x86_64-linux-gnu/cmake/Boost-1.74.0/BoostConfig.cmake (found version "1.74.0") found components: thread system filesystem regex date_time program_options 
[4.466s] -- Found Boost: /usr/lib/x86_64-linux-gnu/cmake/Boost-1.74.0/BoostConfig.cmake (found version "1.74.0") found components: system filesystem date_time program_options thread 
[4.552s] -- Found moveit_visual_tools: 4.1.2 (/home/d/ws_moveit2/install/moveit_visual_tools/share/moveit_visual_tools/cmake)
[4.893s] -- Setting assimp_DIR to: '/opt/ros/humble/share/rviz_assimp_vendor/cmake/../../../opt/rviz_assimp_vendor/lib/cmake/assimp-4.1'
[4.972s] -- Setting OGRE_DIR to: '/opt/ros/humble/share/rviz_ogre_vendor/cmake/../../../opt/rviz_ogre_vendor/lib/OGRE/cmake'
[4.974s] -- Found OGRE
[4.975s] --   static     : OFF
[4.975s] --   components : HLMS;MeshLodGenerator;Overlay;Paging;Property;RTShaderSystem;Terrain;Volume
[4.975s] --   plugins    : Plugin_BSPSceneManager;Plugin_OctreeSceneManager;Plugin_PCZSceneManager;Plugin_ParticleFX;RenderSystem_GL;RenderSystem_GL3Plus;Codec_STBI
[4.975s] --   media      : /opt/ros/humble/opt/rviz_ogre_vendor/share/OGRE/Media
[4.975s] -- OGRE_LIBRARIES: OgreHLMS;OgreMeshLodGenerator;OgreOverlay;OgrePaging;OgreProperty;OgreRTShaderSystem;OgreTerrain;OgreVolume;OgreMain
[4.975s] -- OGRE_LIBRARY_DIRS: /opt/ros/humble/opt/rviz_ogre_vendor/lib
[4.975s] -- OGRE_PLUGINS: Plugin_BSPSceneManager;Plugin_OctreeSceneManager;Plugin_PCZSceneManager;Plugin_ParticleFX;RenderSystem_GL;RenderSystem_GL3Plus;Codec_STBI
[4.975s] -- OGRE_PLUGIN_DIR: /opt/ros/humble/opt/rviz_ogre_vendor/lib/OGRE
[4.976s] -- rviz_ogre_vendor::OgreOverlay for IMPORTED_LOCATION_RELEASE: /opt/ros/humble/opt/rviz_ogre_vendor/lib/libOgreOverlay.so
[4.976s] -- rviz_ogre_vendor::OgreOverlay for IMPORTED_LOCATION_DEBUG: /opt/ros/humble/opt/rviz_ogre_vendor/lib/libOgreOverlay.so
[4.976s] -- rviz_ogre_vendor::OgreMain for IMPORTED_LOCATION_RELEASE: /opt/ros/humble/opt/rviz_ogre_vendor/lib/libOgreMain.so
[4.976s] -- rviz_ogre_vendor::OgreMain for IMPORTED_LOCATION_DEBUG: /opt/ros/humble/opt/rviz_ogre_vendor/lib/libOgreMain.so
[5.049s] -- Found ZLIB: /usr/lib/x86_64-linux-gnu/libz.so (found version "1.2.11") 
[5.076s] -- Found OpenGL: /usr/lib/x86_64-linux-gnu/libOpenGL.so   
[5.414s] -- Found X11: /usr/include   
[5.416s] -- Looking for XOpenDisplay in /usr/lib/x86_64-linux-gnu/libX11.so;/usr/lib/x86_64-linux-gnu/libXext.so
[5.649s] -- Looking for XOpenDisplay in /usr/lib/x86_64-linux-gnu/libX11.so;/usr/lib/x86_64-linux-gnu/libXext.so - found
[5.649s] -- Looking for gethostbyname
[5.789s] -- Looking for gethostbyname - found
[5.790s] -- Looking for connect
[5.890s] -- Looking for connect - found
[5.891s] -- Looking for remove
[6.014s] -- Looking for remove - found
[6.014s] -- Looking for shmat
[6.157s] -- Looking for shmat - found
[6.157s] -- Looking for IceConnectionNumber in ICE
[6.349s] -- Looking for IceConnectionNumber in ICE - found
[6.967s] -- Configuring done
[7.056s] -- Generating done
[7.080s] -- Build files have been written to: /home/d/Kuka_moveIt2/build/kuka_gazebo
[7.123s] Invoked command in '/home/d/Kuka_moveIt2/build/kuka_gazebo' returned '0': CMAKE_PREFIX_PATH=${CMAKE_PREFIX_PATH}:/home/d/ws_moveit2/install/moveit_configs_utils:/home/d/ws_moveit2/install/launch_param_builder:/home/d/kuka_kr6_waam_ws/install/waam_transpiler:/home/d/kuka_kr6_waam_ws/install/waam_motion_planner:/opt/ros/humble /usr/bin/cmake /home/d/Kuka_moveIt2/kuka_gazebo -DAMENT_CMAKE_SYMLINK_INSTALL=1 -DCMAKE_INSTALL_PREFIX=/home/d/Kuka_moveIt2/install/kuka_gazebo
[7.124s] Invoking command in '/home/d/Kuka_moveIt2/build/kuka_gazebo': CMAKE_PREFIX_PATH=${CMAKE_PREFIX_PATH}:/home/d/ws_moveit2/install/moveit_configs_utils:/home/d/ws_moveit2/install/launch_param_builder:/home/d/kuka_kr6_waam_ws/install/waam_transpiler:/home/d/kuka_kr6_waam_ws/install/waam_motion_planner:/opt/ros/humble /usr/bin/cmake --build /home/d/Kuka_moveIt2/build/kuka_gazebo -- -j4 -l4
[7.275s] [ 50%] [32mBuilding CXX object CMakeFiles/gazebo_moveit_example.dir/src/gazebo_lbr_iisy3_r760_moveit_example.cpp.o[0m
[19.255s] [100%] [32m[1mLinking CXX executable gazebo_moveit_example[0m
[19.921s] [100%] Built target gazebo_moveit_example
[19.938s] Invoked command in '/home/d/Kuka_moveIt2/build/kuka_gazebo' returned '0': CMAKE_PREFIX_PATH=${CMAKE_PREFIX_PATH}:/home/d/ws_moveit2/install/moveit_configs_utils:/home/d/ws_moveit2/install/launch_param_builder:/home/d/kuka_kr6_waam_ws/install/waam_transpiler:/home/d/kuka_kr6_waam_ws/install/waam_motion_planner:/opt/ros/humble /usr/bin/cmake --build /home/d/Kuka_moveIt2/build/kuka_gazebo -- -j4 -l4
[19.940s] Invoking command in '/home/d/Kuka_moveIt2/build/kuka_gazebo': CMAKE_PREFIX_PATH=${CMAKE_PREFIX_PATH}:/home/d/ws_moveit2/install/moveit_configs_utils:/home/d/ws_moveit2/install/launch_param_builder:/home/d/kuka_kr6_waam_ws/install/waam_transpiler:/home/d/kuka_kr6_waam_ws/install/waam_motion_planner:/opt/ros/humble /usr/bin/cmake --install /home/d/Kuka_moveIt2/build/kuka_gazebo
[19.952s] -- Install configuration: ""
[19.953s] -- Execute custom install script
[19.953s] -- Symlinking: /home/d/Kuka_moveIt2/install/kuka_gazebo/share/kuka_gazebo/gazebo/kuka_gazebo.xacro
[19.968s] -- Symlinking: /home/d/Kuka_moveIt2/install/kuka_gazebo/share/kuka_gazebo/launch/gazebo.launch.py
[19.983s] -- Symlinking: /home/d/Kuka_moveIt2/install/kuka_gazebo/share/kuka_gazebo/world/box.sdf
[19.998s] -- Symlinking: /home/d/Kuka_moveIt2/install/kuka_gazebo/share/kuka_gazebo/world/empty_world.sdf
[20.012s] -- Symlinking: /home/d/Kuka_moveIt2/install/kuka_gazebo/share/ament_index/resource_index/package_run_dependencies/kuka_gazebo
[20.026s] -- Symlinking: /home/d/Kuka_moveIt2/install/kuka_gazebo/share/ament_index/resource_index/parent_prefix_path/kuka_gazebo
[20.040s] -- Symlinking: /home/d/Kuka_moveIt2/install/kuka_gazebo/share/kuka_gazebo/environment/ament_prefix_path.sh
[20.054s] -- Symlinking: /home/d/Kuka_moveIt2/install/kuka_gazebo/share/kuka_gazebo/environment/ament_prefix_path.dsv
[20.068s] -- Symlinking: /home/d/Kuka_moveIt2/install/kuka_gazebo/share/kuka_gazebo/environment/path.sh
[20.083s] -- Symlinking: /home/d/Kuka_moveIt2/install/kuka_gazebo/share/kuka_gazebo/environment/path.dsv
[20.097s] -- Symlinking: /home/d/Kuka_moveIt2/install/kuka_gazebo/share/kuka_gazebo/local_setup.bash
[20.110s] -- Symlinking: /home/d/Kuka_moveIt2/install/kuka_gazebo/share/kuka_gazebo/local_setup.sh
[20.124s] -- Symlinking: /home/d/Kuka_moveIt2/install/kuka_gazebo/share/kuka_gazebo/local_setup.zsh
[20.139s] -- Symlinking: /home/d/Kuka_moveIt2/install/kuka_gazebo/share/kuka_gazebo/local_setup.dsv
[20.153s] -- Symlinking: /home/d/Kuka_moveIt2/install/kuka_gazebo/share/kuka_gazebo/package.dsv
[20.166s] -- Symlinking: /home/d/Kuka_moveIt2/install/kuka_gazebo/share/ament_index/resource_index/packages/kuka_gazebo
[20.180s] -- Symlinking: /home/d/Kuka_moveIt2/install/kuka_gazebo/share/kuka_gazebo/cmake/kuka_gazeboConfig.cmake
[20.194s] -- Symlinking: /home/d/Kuka_moveIt2/install/kuka_gazebo/share/kuka_gazebo/cmake/kuka_gazeboConfig-version.cmake
[20.208s] -- Symlinking: /home/d/Kuka_moveIt2/install/kuka_gazebo/share/kuka_gazebo/package.xml
[20.223s] -- Installing: /home/d/Kuka_moveIt2/install/kuka_gazebo/lib/kuka_gazebo/gazebo_moveit_example
[20.224s] -- Set runtime path of "/home/d/Kuka_moveIt2/install/kuka_gazebo/lib/kuka_gazebo/gazebo_moveit_example" to ""
[20.227s] Invoked command in '/home/d/Kuka_moveIt2/build/kuka_gazebo' returned '0': CMAKE_PREFIX_PATH=${CMAKE_PREFIX_PATH}:/home/d/ws_moveit2/install/moveit_configs_utils:/home/d/ws_moveit2/install/launch_param_builder:/home/d/kuka_kr6_waam_ws/install/waam_transpiler:/home/d/kuka_kr6_waam_ws/install/waam_motion_planner:/opt/ros/humble /usr/bin/cmake --install /home/d/Kuka_moveIt2/build/kuka_gazebo
